  Source.cpp
C:\Users\User\Desktop\OSISP5_MyLabs\SpriteMovementSolution\SpriteMovementProject\Source.cpp(10,19): warning C4305: инициализация: усечение из "double" в "float"
C:\Users\User\Desktop\OSISP5_MyLabs\SpriteMovementSolution\SpriteMovementProject\Source.cpp(32,26): warning C4244: аргумент: преобразование "int" в "float", возможна потеря данных
C:\Users\User\Desktop\OSISP5_MyLabs\SpriteMovementSolution\SpriteMovementProject\Source.cpp(35,25): warning C4244: аргумент: преобразование "int" в "float", возможна потеря данных
C:\Users\User\Desktop\OSISP5_MyLabs\SpriteMovementSolution\SpriteMovementProject\Source.cpp(38,23): warning C4244: аргумент: преобразование "int" в "float", возможна потеря данных
C:\Users\User\Desktop\OSISP5_MyLabs\SpriteMovementSolution\SpriteMovementProject\Source.cpp(41,25): warning C4244: аргумент: преобразование "int" в "float", возможна потеря данных
C:\Users\User\Desktop\OSISP5_MyLabs\SpriteMovementSolution\SpriteMovementProject\Source.cpp(44,40): warning C4305: аргумент: усечение из "double" в "float"
C:\Users\User\Desktop\OSISP5_MyLabs\SpriteMovementSolution\SpriteMovementProject\Source.cpp(60,27): warning C4244: аргумент: преобразование "int" в "float", возможна потеря данных
C:\Users\User\Desktop\OSISP5_MyLabs\SpriteMovementSolution\SpriteMovementProject\Source.cpp(62,24): warning C4244: аргумент: преобразование "int" в "float", возможна потеря данных
C:\Users\User\Desktop\OSISP5_MyLabs\SpriteMovementSolution\SpriteMovementProject\Source.cpp(67,26): warning C4244: аргумент: преобразование "int" в "float", возможна потеря данных
C:\Users\User\Desktop\OSISP5_MyLabs\SpriteMovementSolution\SpriteMovementProject\Source.cpp(69,26): warning C4244: аргумент: преобразование "int" в "float", возможна потеря данных
  Sprite.cpp
C:\Users\User\Desktop\OSISP5_MyLabs\SpriteMovementSolution\SpriteMovementProject\Sprite.cpp(17,19): warning C4244: +=: преобразование "float" в "int", возможна потеря данных
C:\Users\User\Desktop\OSISP5_MyLabs\SpriteMovementSolution\SpriteMovementProject\Sprite.cpp(22,19): warning C4244: -=: преобразование "float" в "int", возможна потеря данных
C:\Users\User\Desktop\OSISP5_MyLabs\SpriteMovementSolution\SpriteMovementProject\Sprite.cpp(27,19): warning C4244: +=: преобразование "float" в "int", возможна потеря данных
C:\Users\User\Desktop\OSISP5_MyLabs\SpriteMovementSolution\SpriteMovementProject\Sprite.cpp(32,19): warning C4244: -=: преобразование "float" в "int", возможна потеря данных
C:\Users\User\Desktop\OSISP5_MyLabs\SpriteMovementSolution\SpriteMovementProject\Sprite.cpp(65,14): warning C4244: =: преобразование "int" в "FLOAT", возможна потеря данных
C:\Users\User\Desktop\OSISP5_MyLabs\SpriteMovementSolution\SpriteMovementProject\Sprite.cpp(66,14): warning C4244: =: преобразование "int" в "FLOAT", возможна потеря данных
  Создание кода...
  SpriteMovementProject.vcxproj -> C:\Users\User\Desktop\OSISP5_MyLabs\SpriteMovementSolution\x64\Debug\SpriteMovementProject.exe
